0 info it worked if it ends with ok
1 verbose cli [ '/usr/local/bin/node',
1 verbose cli   '/usr/local/bin/npm',
1 verbose cli   'install',
1 verbose cli   '--save',
1 verbose cli   'TweenMax',
1 verbose cli   'TimelineMax' ]
2 info using npm@3.10.10
3 info using node@v6.10.1
4 silly loadCurrentTree Starting
5 silly install loadCurrentTree
6 silly install readLocalPackageData
7 silly fetchPackageMetaData TweenMax
8 silly fetchPackageMetaData TimelineMax
9 silly fetchNamedPackageData TweenMax
10 silly mapToRegistry name TweenMax
11 silly mapToRegistry using default registry
12 silly mapToRegistry registry https://registry.npmjs.org/
13 silly mapToRegistry data Result {
13 silly mapToRegistry   raw: 'TweenMax',
13 silly mapToRegistry   scope: null,
13 silly mapToRegistry   escapedName: 'TweenMax',
13 silly mapToRegistry   name: 'TweenMax',
13 silly mapToRegistry   rawSpec: '',
13 silly mapToRegistry   spec: 'latest',
13 silly mapToRegistry   type: 'tag' }
14 silly mapToRegistry uri https://registry.npmjs.org/TweenMax
15 silly fetchNamedPackageData TimelineMax
16 silly mapToRegistry name TimelineMax
17 silly mapToRegistry using default registry
18 silly mapToRegistry registry https://registry.npmjs.org/
19 silly mapToRegistry data Result {
19 silly mapToRegistry   raw: 'TimelineMax',
19 silly mapToRegistry   scope: null,
19 silly mapToRegistry   escapedName: 'TimelineMax',
19 silly mapToRegistry   name: 'TimelineMax',
19 silly mapToRegistry   rawSpec: '',
19 silly mapToRegistry   spec: 'latest',
19 silly mapToRegistry   type: 'tag' }
20 silly mapToRegistry uri https://registry.npmjs.org/TimelineMax
21 verbose request uri https://registry.npmjs.org/TweenMax
22 verbose request no auth needed
23 info attempt registry request try #1 at 10:10:22 PM
24 verbose request id 8c69de43a1cc53c1
25 http request GET https://registry.npmjs.org/TweenMax
26 verbose request uri https://registry.npmjs.org/TimelineMax
27 verbose request no auth needed
28 info attempt registry request try #1 at 10:10:22 PM
29 http request GET https://registry.npmjs.org/TimelineMax
30 http 404 https://registry.npmjs.org/TweenMax
31 verbose headers { 'content-type': 'application/json',
31 verbose headers   'cache-control': 'max-age=0',
31 verbose headers   'content-length': '2',
31 verbose headers   'accept-ranges': 'bytes',
31 verbose headers   date: 'Sat, 13 May 2017 02:10:24 GMT',
31 verbose headers   via: '1.1 varnish',
31 verbose headers   age: '0',
31 verbose headers   connection: 'keep-alive',
31 verbose headers   'x-served-by': 'cache-bos8227-BOS',
31 verbose headers   'x-cache': 'MISS',
31 verbose headers   'x-cache-hits': '0',
31 verbose headers   'x-timer': 'S1494641424.000091,VS0,VE344',
31 verbose headers   vary: 'Accept-Encoding' }
32 silly get cb [ 404,
32 silly get   { 'content-type': 'application/json',
32 silly get     'cache-control': 'max-age=0',
32 silly get     'content-length': '2',
32 silly get     'accept-ranges': 'bytes',
32 silly get     date: 'Sat, 13 May 2017 02:10:24 GMT',
32 silly get     via: '1.1 varnish',
32 silly get     age: '0',
32 silly get     connection: 'keep-alive',
32 silly get     'x-served-by': 'cache-bos8227-BOS',
32 silly get     'x-cache': 'MISS',
32 silly get     'x-cache-hits': '0',
32 silly get     'x-timer': 'S1494641424.000091,VS0,VE344',
32 silly get     vary: 'Accept-Encoding' } ]
33 silly fetchPackageMetaData Error: Registry returned 404 for GET on https://registry.npmjs.org/TweenMax
33 silly fetchPackageMetaData     at makeError (/usr/local/lib/node_modules/npm/node_modules/npm-registry-client/lib/request.js:302:12)
33 silly fetchPackageMetaData     at CachingRegistryClient.<anonymous> (/usr/local/lib/node_modules/npm/node_modules/npm-registry-client/lib/request.js:280:14)
33 silly fetchPackageMetaData     at Request._callback (/usr/local/lib/node_modules/npm/node_modules/npm-registry-client/lib/request.js:210:14)
33 silly fetchPackageMetaData     at Request.self.callback (/usr/local/lib/node_modules/npm/node_modules/request/request.js:187:22)
33 silly fetchPackageMetaData     at emitTwo (events.js:106:13)
33 silly fetchPackageMetaData     at Request.emit (events.js:191:7)
33 silly fetchPackageMetaData     at Request.<anonymous> (/usr/local/lib/node_modules/npm/node_modules/request/request.js:1048:10)
33 silly fetchPackageMetaData     at emitOne (events.js:96:13)
33 silly fetchPackageMetaData     at Request.emit (events.js:188:7)
33 silly fetchPackageMetaData     at IncomingMessage.<anonymous> (/usr/local/lib/node_modules/npm/node_modules/request/request.js:969:12)
33 silly fetchPackageMetaData  error for TweenMax { Error: Registry returned 404 for GET on https://registry.npmjs.org/TweenMax
33 silly fetchPackageMetaData     at makeError (/usr/local/lib/node_modules/npm/node_modules/npm-registry-client/lib/request.js:302:12)
33 silly fetchPackageMetaData     at CachingRegistryClient.<anonymous> (/usr/local/lib/node_modules/npm/node_modules/npm-registry-client/lib/request.js:280:14)
33 silly fetchPackageMetaData     at Request._callback (/usr/local/lib/node_modules/npm/node_modules/npm-registry-client/lib/request.js:210:14)
33 silly fetchPackageMetaData     at Request.self.callback (/usr/local/lib/node_modules/npm/node_modules/request/request.js:187:22)
33 silly fetchPackageMetaData     at emitTwo (events.js:106:13)
33 silly fetchPackageMetaData     at Request.emit (events.js:191:7)
33 silly fetchPackageMetaData     at Request.<anonymous> (/usr/local/lib/node_modules/npm/node_modules/request/request.js:1048:10)
33 silly fetchPackageMetaData     at emitOne (events.js:96:13)
33 silly fetchPackageMetaData     at Request.emit (events.js:188:7)
33 silly fetchPackageMetaData     at IncomingMessage.<anonymous> (/usr/local/lib/node_modules/npm/node_modules/request/request.js:969:12) pkgid: 'TweenMax', statusCode: 404, code: 'E404' }
34 http 404 https://registry.npmjs.org/TimelineMax
35 verbose headers { 'content-type': 'application/json',
35 verbose headers   'cache-control': 'max-age=0',
35 verbose headers   'content-length': '2',
35 verbose headers   'accept-ranges': 'bytes',
35 verbose headers   date: 'Sat, 13 May 2017 02:10:24 GMT',
35 verbose headers   via: '1.1 varnish',
35 verbose headers   age: '0',
35 verbose headers   connection: 'keep-alive',
35 verbose headers   'x-served-by': 'cache-bos8226-BOS',
35 verbose headers   'x-cache': 'MISS',
35 verbose headers   'x-cache-hits': '0',
35 verbose headers   'x-timer': 'S1494641424.045973,VS0,VE494',
35 verbose headers   vary: 'Accept-Encoding' }
36 silly get cb [ 404,
36 silly get   { 'content-type': 'application/json',
36 silly get     'cache-control': 'max-age=0',
36 silly get     'content-length': '2',
36 silly get     'accept-ranges': 'bytes',
36 silly get     date: 'Sat, 13 May 2017 02:10:24 GMT',
36 silly get     via: '1.1 varnish',
36 silly get     age: '0',
36 silly get     connection: 'keep-alive',
36 silly get     'x-served-by': 'cache-bos8226-BOS',
36 silly get     'x-cache': 'MISS',
36 silly get     'x-cache-hits': '0',
36 silly get     'x-timer': 'S1494641424.045973,VS0,VE494',
36 silly get     vary: 'Accept-Encoding' } ]
37 silly fetchPackageMetaData Error: Registry returned 404 for GET on https://registry.npmjs.org/TimelineMax
37 silly fetchPackageMetaData     at makeError (/usr/local/lib/node_modules/npm/node_modules/npm-registry-client/lib/request.js:302:12)
37 silly fetchPackageMetaData     at CachingRegistryClient.<anonymous> (/usr/local/lib/node_modules/npm/node_modules/npm-registry-client/lib/request.js:280:14)
37 silly fetchPackageMetaData     at Request._callback (/usr/local/lib/node_modules/npm/node_modules/npm-registry-client/lib/request.js:210:14)
37 silly fetchPackageMetaData     at Request.self.callback (/usr/local/lib/node_modules/npm/node_modules/request/request.js:187:22)
37 silly fetchPackageMetaData     at emitTwo (events.js:106:13)
37 silly fetchPackageMetaData     at Request.emit (events.js:191:7)
37 silly fetchPackageMetaData     at Request.<anonymous> (/usr/local/lib/node_modules/npm/node_modules/request/request.js:1048:10)
37 silly fetchPackageMetaData     at emitOne (events.js:96:13)
37 silly fetchPackageMetaData     at Request.emit (events.js:188:7)
37 silly fetchPackageMetaData     at IncomingMessage.<anonymous> (/usr/local/lib/node_modules/npm/node_modules/request/request.js:969:12)
37 silly fetchPackageMetaData  error for TimelineMax { Error: Registry returned 404 for GET on https://registry.npmjs.org/TimelineMax
37 silly fetchPackageMetaData     at makeError (/usr/local/lib/node_modules/npm/node_modules/npm-registry-client/lib/request.js:302:12)
37 silly fetchPackageMetaData     at CachingRegistryClient.<anonymous> (/usr/local/lib/node_modules/npm/node_modules/npm-registry-client/lib/request.js:280:14)
37 silly fetchPackageMetaData     at Request._callback (/usr/local/lib/node_modules/npm/node_modules/npm-registry-client/lib/request.js:210:14)
37 silly fetchPackageMetaData     at Request.self.callback (/usr/local/lib/node_modules/npm/node_modules/request/request.js:187:22)
37 silly fetchPackageMetaData     at emitTwo (events.js:106:13)
37 silly fetchPackageMetaData     at Request.emit (events.js:191:7)
37 silly fetchPackageMetaData     at Request.<anonymous> (/usr/local/lib/node_modules/npm/node_modules/request/request.js:1048:10)
37 silly fetchPackageMetaData     at emitOne (events.js:96:13)
37 silly fetchPackageMetaData     at Request.emit (events.js:188:7)
37 silly fetchPackageMetaData     at IncomingMessage.<anonymous> (/usr/local/lib/node_modules/npm/node_modules/request/request.js:969:12) pkgid: 'TimelineMax', statusCode: 404, code: 'E404' }
38 silly rollbackFailedOptional Starting
39 silly rollbackFailedOptional Finishing
40 silly runTopLevelLifecycles Finishing
41 silly install printInstalled
42 verbose stack Error: Registry returned 404 for GET on https://registry.npmjs.org/TweenMax
42 verbose stack     at makeError (/usr/local/lib/node_modules/npm/node_modules/npm-registry-client/lib/request.js:302:12)
42 verbose stack     at CachingRegistryClient.<anonymous> (/usr/local/lib/node_modules/npm/node_modules/npm-registry-client/lib/request.js:280:14)
42 verbose stack     at Request._callback (/usr/local/lib/node_modules/npm/node_modules/npm-registry-client/lib/request.js:210:14)
42 verbose stack     at Request.self.callback (/usr/local/lib/node_modules/npm/node_modules/request/request.js:187:22)
42 verbose stack     at emitTwo (events.js:106:13)
42 verbose stack     at Request.emit (events.js:191:7)
42 verbose stack     at Request.<anonymous> (/usr/local/lib/node_modules/npm/node_modules/request/request.js:1048:10)
42 verbose stack     at emitOne (events.js:96:13)
42 verbose stack     at Request.emit (events.js:188:7)
42 verbose stack     at IncomingMessage.<anonymous> (/usr/local/lib/node_modules/npm/node_modules/request/request.js:969:12)
43 verbose statusCode 404
44 verbose pkgid TweenMax
45 verbose cwd /Applications/MAMP/htdocs/digitalbiolab
46 error Darwin 16.5.0
47 error argv "/usr/local/bin/node" "/usr/local/bin/npm" "install" "--save" "TweenMax" "TimelineMax"
48 error node v6.10.1
49 error npm  v3.10.10
50 error code E404
51 error 404 Registry returned 404 for GET on https://registry.npmjs.org/TweenMax
52 error 404
53 error 404 'TweenMax' is not in the npm registry.
54 error 404 Your package name is not valid, because
55 error 404 1. name can no longer contain capital letters
56 error 404 Note that you can also install from a
57 error 404 tarball, folder, http url, or git url.
58 verbose exit [ 1, true ]
